<?xml version="1.0" encoding="UTF-8"?>
<testsuite name="MainTest" tests="9" skipped="0" failures="0" errors="0" timestamp="2015-04-06T21:47:50" hostname="Lemon" time="0.571">
  <properties/>
  <testcase name="testDatabaseConnection" classname="MainTest" time="0.531"/>
  <testcase name="testGetContactsValidInfo" classname="MainTest" time="0.008"/>
  <testcase name="testValidInput" classname="MainTest" time="0.0"/>
  <testcase name="testInvalidInput2" classname="MainTest" time="0.0"/>
  <testcase name="testReadAll" classname="MainTest" time="0.0"/>
  <testcase name="testGetContacts" classname="MainTest" time="0.002"/>
  <testcase name="testGetContact" classname="MainTest" time="0.002"/>
  <testcase name="testInvalidInput" classname="MainTest" time="0.001"/>
  <testcase name="testDatabaseAddContact" classname="MainTest" time="0.025"/>
  <system-out><![CDATA[]]></system-out>
  <system-err><![CDATA[]]></system-err>
</testsuite>
